<?xml version="1.0" encoding="UTF-8"?>
<!-- Generated by org.testng.reporters.JUnitReportReporter -->
<testsuite hostname="DESKTOP-JNCOD68" failures="0" tests="3" name="com.crm.qa.testcases.HomePageTest" time="18.737" errors="0" timestamp="2020-03-01T16:40:14 PST" skipped="0">
  <testcase classname="com.crm.qa.testcases.HomePageTest" name="verifyHomePageTitleTest" time="4.690"/>
  <testcase classname="com.crm.qa.testcases.HomePageTest" name="verifyUserNameTest" time="7.347"/>
  <testcase classname="com.crm.qa.testcases.HomePageTest" name="verifyContactsLinkTest" time="6.700"/>
</testsuite> <!-- com.crm.qa.testcases.HomePageTest -->
