<?xml version="1.0" encoding="UTF-8"?>
<!-- Generated by org.testng.reporters.JUnitReportReporter -->
<testsuite hostname="DESKTOP-JNCOD68" failures="0" tests="3" name="com.crm.qa.testcases.LoginPageTest" time="16.694" errors="0" timestamp="2020-03-01T16:40:14 PST" skipped="0">
  <testcase classname="com.crm.qa.testcases.LoginPageTest" name="loginPageTitleTest" time="7.171"/>
  <testcase classname="com.crm.qa.testcases.LoginPageTest" name="crmLogoImageTest" time="4.807"/>
  <testcase classname="com.crm.qa.testcases.LoginPageTest" name="loginTest" time="4.716"/>
</testsuite> <!-- com.crm.qa.testcases.LoginPageTest -->
